Info: Starting: Create simulation model
Info: qsys-generate /home/max-garro/Documents/PruebaDef/u_vjtag.qsys --simulation=VERILOG --allow-mixed-language-simulation --output-directory=/home/max-garro/Documents/PruebaDef/u_vjtag/simulation --family="Cyclone V" --part=5CSEMA5F31C6
Progress: Loading PruebaDef/u_vjtag.qsys
Progress: Reading input file
Progress: Adding virtual_jtag_0 [altera_virtual_jtag 20.1]
Progress: Parameterizing module virtual_jtag_0
Progress: Building connections
Progress: Parameterizing connections
Progress: Validating
Progress: Done reading input file
Info: u_vjtag: Generating u_vjtag "u_vjtag" for SIM_VERILOG
Info: virtual_jtag_0: "u_vjtag" instantiated altera_virtual_jtag "virtual_jtag_0"
Info: u_vjtag: Done "u_vjtag" with 2 modules, 2 files
Info: qsys-generate succeeded.
Info: Finished: Create simulation model
Info: Starting: Create Modelsim Project.
Info: sim-script-gen --spd=/home/max-garro/Documents/PruebaDef/u_vjtag/u_vjtag.spd --output-directory=/home/max-garro/Documents/PruebaDef/u_vjtag/simulation/ --use-relative-paths=true
Info: Doing: ip-make-simscript --spd=/home/max-garro/Documents/PruebaDef/u_vjtag/u_vjtag.spd --output-directory=/home/max-garro/Documents/PruebaDef/u_vjtag/simulation/ --use-relative-paths=true
Info: Generating the following file(s) for MODELSIM simulator in /home/max-garro/Documents/PruebaDef/u_vjtag/simulation/ directory:
Info: 	mentor/msim_setup.tcl
Info: Generating the following file(s) for VCS simulator in /home/max-garro/Documents/PruebaDef/u_vjtag/simulation/ directory:
Info: 	synopsys/vcs/vcs_setup.sh
Info: Generating the following file(s) for VCSMX simulator in /home/max-garro/Documents/PruebaDef/u_vjtag/simulation/ directory:
Info: 	synopsys/vcsmx/synopsys_sim.setup
Info: 	synopsys/vcsmx/vcsmx_setup.sh
Info: Generating the following file(s) for NCSIM simulator in /home/max-garro/Documents/PruebaDef/u_vjtag/simulation/ directory:
Info: 	cadence/cds.lib
Info: 	cadence/hdl.var
Info: 	cadence/ncsim_setup.sh
Info: 	1 .cds.lib files in cadence/cds_libs/ directory
Info: Generating the following file(s) for RIVIERA simulator in /home/max-garro/Documents/PruebaDef/u_vjtag/simulation/ directory:
Info: 	aldec/rivierapro_setup.tcl
Info: For information on how to simulate your IP, see the explanatory comments in the simulator-specific subdirectories under /home/max-garro/Documents/PruebaDef/u_vjtag/simulation/.
Info: Regenerate these scripts whenever you make any change to any Quartus-generated IP in your project.
Info: Finished: Create Modelsim Project.
Info: Starting: Create block symbol file (.bsf)
Info: qsys-generate /home/max-garro/Documents/PruebaDef/u_vjtag.qsys --block-symbol-file --output-directory=/home/max-garro/Documents/PruebaDef/u_vjtag --family="Cyclone V" --part=5CSEMA5F31C6
Progress: Loading PruebaDef/u_vjtag.qsys
Progress: Reading input file
Progress: Adding virtual_jtag_0 [altera_virtual_jtag 20.1]
Progress: Parameterizing module virtual_jtag_0
Progress: Building connections
Progress: Parameterizing connections
Progress: Validating
Progress: Done reading input file
Info: qsys-generate succeeded.
Info: Finished: Create block symbol file (.bsf)
Info: 
Info: Starting: Create HDL design files for synthesis
Info: qsys-generate /home/max-garro/Documents/PruebaDef/u_vjtag.qsys --synthesis=VERILOG --output-directory=/home/max-garro/Documents/PruebaDef/u_vjtag/synthesis --family="Cyclone V" --part=5CSEMA5F31C6
Progress: Loading PruebaDef/u_vjtag.qsys
Progress: Reading input file
Progress: Adding virtual_jtag_0 [altera_virtual_jtag 20.1]
Progress: Parameterizing module virtual_jtag_0
Progress: Building connections
Progress: Parameterizing connections
Progress: Validating
Progress: Done reading input file
Info: u_vjtag: Generating u_vjtag "u_vjtag" for QUARTUS_SYNTH
Info: virtual_jtag_0: "u_vjtag" instantiated altera_virtual_jtag "virtual_jtag_0"
Info: u_vjtag: Done "u_vjtag" with 2 modules, 1 files
Info: qsys-generate succeeded.
Info: Finished: Create HDL design files for synthesis
